#
# There is insufficient memory for the Java Runtime Environment to continue.
# Native memory allocation (malloc) failed to allocate 1048576 bytes for AllocateHeap
# Possible reasons:
#   The system is out of physical RAM or swap space
#   The process is running with CompressedOops enabled, and the Java Heap may be blocking the growth of the native heap
# Possible solutions:
#   Reduce memory load on the system
#   Increase physical memory or swap space
#   Check if swap backing store is full
#   Decrease Java heap size (-Xmx/-Xms)
#   Decrease number of Java threads
#   Decrease Java thread stack sizes (-Xss)
#   Set larger code cache with -XX:ReservedCodeCacheSize=
#   JVM is running with Zero Based Compressed Oops mode in which the Java heap is
#     placed in the first 32GB address space. The Java Heap base address is the
#     maximum limit for the native heap growth. Please use -XX:HeapBaseMinAddress
#     to set the Java Heap base and to place the Java Heap above 32GB virtual address.
# This output file may be truncated or incomplete.
#
#  Out of Memory Error (memory/allocation.inline.hpp:61), pid=10080, tid=0x0000000000002e54
#
# JRE version:  (8.0_281-b09) (build )
# Java VM: Java HotSpot(TM) 64-Bit Server VM (25.281-b09 mixed mode windows-amd64 compressed oops)
# Failed to write core dump. Minidumps are not enabled by default on client versions of Windows
#

---------------  T H R E A D  ---------------

Current thread (0x000001b358522000):  JavaThread "Unknown thread" [_thread_in_vm, id=11860, stack(0x000000591c300000,0x000000591c400000)]

Stack: [0x000000591c300000,0x000000591c400000]
Native frames: (J=compiled Java code, j=interpreted, Vv=VM code, C=native code)
V  [jvm.dll+0x32e5b9]
V  [jvm.dll+0x275012]
V  [jvm.dll+0x275cbd]
V  [jvm.dll+0x26c6f5]
V  [jvm.dll+0x509d]
V  [jvm.dll+0x3c8d4d]
V  [jvm.dll+0x3c9aca]
V  [jvm.dll+0x3c5a67]
V  [jvm.dll+0xfcaaf]
V  [jvm.dll+0x209a1b]
V  [jvm.dll+0x2383d7]
V  [jvm.dll+0x162566]
C  [java.exe+0x2312]
C  [java.exe+0x15f54]
C  [KERNEL32.DLL+0x17c24]
C  [ntdll.dll+0x6d4d1]


---------------  P R O C E S S  ---------------

Java Threads: ( => current thread )

Other Threads:

=>0x000001b358522000 (exited) JavaThread "Unknown thread" [_thread_in_vm, id=11860, stack(0x000000591c300000,0x000000591c400000)]

VM state:not at safepoint (normal execution)

VM Mutex/Monitor currently owned by a thread: None

heap address: 0x0000000700c00000, size: 3060 MB, Compressed Oops mode: Zero based, Oop shift amount: 3
Narrow klass base: 0x0000000000000000, Narrow klass shift: 3
Compressed class space size: 1073741824 Address: 0x00000007c0000000

Heap:
 PSYoungGen      total 57344K, used 983K [0x0000000780400000, 0x0000000784400000, 0x00000007c0000000)
  eden space 49152K, 2% used [0x0000000780400000,0x00000007804f5c38,0x0000000783400000)
  from space 8192K, 0% used [0x0000000783c00000,0x0000000783c00000,0x0000000784400000)
  to   space 8192K, 0% used [0x0000000783400000,0x0000000783400000,0x0000000783c00000)
 ParOldGen       total 131072K, used 0K [0x0000000700c00000, 0x0000000708c00000, 0x0000000780400000)
  object space 131072K, 0% used [0x0000000700c00000,0x0000000700c00000,0x0000000708c00000)
 Metaspace       used 777K, capacity 4480K, committed 4480K, reserved 1056768K
  class space    used 76K, capacity 384K, committed 384K, reserved 1048576K

Card table byte_map: [0x000001b369170000,0x000001b369770000] byte_map_base: 0x000001b36596a000

Marking Bits: (ParMarkBitMap*) 0x0000000064fa6ff0
 Begin Bits: [0x000001b369b70000, 0x000001b36cb40000)
 End Bits:   [0x000001b36cb40000, 0x000001b36fb10000)

Polling page: 0x000001b3584d0000

CodeCache: size=245760Kb used=328Kb max_used=328Kb free=245431Kb
 bounds [0x000001b359db0000, 0x000001b35a020000, 0x000001b368db0000]
 total_blobs=58 nmethods=0 adapters=38
 compilation: enabled

Compilation events (0 events):
No events

GC Heap History (0 events):
No events

Deoptimization events (0 events):
No events

Classes redefined (0 events):
No events

Internal exceptions (0 events):
No events

Events (10 events):
Event: 0.023 loading class java/lang/Short
Event: 0.023 loading class java/lang/Short done
Event: 0.023 loading class java/lang/Integer
Event: 0.023 loading class java/lang/Integer done
Event: 0.023 loading class java/lang/Long
Event: 0.023 loading class java/lang/Long done
Event: 0.024 loading class java/lang/NullPointerException
Event: 0.024 loading class java/lang/NullPointerException done
Event: 0.024 loading class java/lang/ArithmeticException
Event: 0.024 loading class java/lang/ArithmeticException done


Dynamic libraries:
0x00007ff773c70000 - 0x00007ff773cb7000 	C:\Program Files\Java\jdk1.8.0_281\bin\java.exe
0x00007ffd61b20000 - 0x00007ffd61d10000 	C:\WINDOWS\SYSTEM32\ntdll.dll
0x00007ffd613d0000 - 0x00007ffd61482000 	C:\WINDOWS\System32\KERNEL32.DLL
0x00007ffd5f800000 - 0x00007ffd5faa5000 	C:\WINDOWS\System32\KERNELBASE.dll
0x00007ffd60f10000 - 0x00007ffd60fb3000 	C:\WINDOWS\System32\ADVAPI32.dll
0x00007ffd61a40000 - 0x00007ffd61ade000 	C:\WINDOWS\System32\msvcrt.dll
0x00007ffd5fec0000 - 0x00007ffd5ff57000 	C:\WINDOWS\System32\sechost.dll
0x00007ffd5fda0000 - 0x00007ffd5febf000 	C:\WINDOWS\System32\RPCRT4.dll
0x00007ffd60fd0000 - 0x00007ffd61164000 	C:\WINDOWS\System32\USER32.dll
0x00007ffd5eda0000 - 0x00007ffd5edc1000 	C:\WINDOWS\System32\win32u.dll
0x00007ffd60b40000 - 0x00007ffd60b66000 	C:\WINDOWS\System32\GDI32.dll
0x00007ffd5ec00000 - 0x00007ffd5ed98000 	C:\WINDOWS\System32\gdi32full.dll
0x00007ffd5fbb0000 - 0x00007ffd5fc4e000 	C:\WINDOWS\System32\msvcp_win.dll
0x00007ffd5fab0000 - 0x00007ffd5fbaa000 	C:\WINDOWS\System32\ucrtbase.dll
0x00007ffd46af0000 - 0x00007ffd46d74000 	C:\WINDOWS\WinSxS\amd64_microsoft.windows.common-controls_6595b64144ccf1df_6.0.18362.1316_none_9e7a364fe461dbd7\COMCTL32.dll
0x00007ffd616a0000 - 0x00007ffd619d7000 	C:\WINDOWS\System32\combase.dll
0x00007ffd5eb20000 - 0x00007ffd5eba1000 	C:\WINDOWS\System32\bcryptPrimitives.dll
0x00007ffd60d80000 - 0x00007ffd60dae000 	C:\WINDOWS\System32\IMM32.DLL
0x00007ffd44f80000 - 0x00007ffd44f95000 	C:\Program Files\Java\jdk1.8.0_281\jre\bin\vcruntime140.dll
0x00007ffd2b6a0000 - 0x00007ffd2b73b000 	C:\Program Files\Java\jdk1.8.0_281\jre\bin\msvcp140.dll
0x00000000647c0000 - 0x000000006501f000 	C:\Program Files\Java\jdk1.8.0_281\jre\bin\server\jvm.dll
0x00007ffd603d0000 - 0x00007ffd603d8000 	C:\WINDOWS\System32\PSAPI.DLL
0x00007ffd5a970000 - 0x00007ffd5a994000 	C:\WINDOWS\SYSTEM32\WINMM.dll
0x00007ffd564a0000 - 0x00007ffd564aa000 	C:\WINDOWS\SYSTEM32\VERSION.dll
0x00007ffd59d30000 - 0x00007ffd59d39000 	C:\WINDOWS\SYSTEM32\WSOCK32.dll
0x00007ffd61220000 - 0x00007ffd6128f000 	C:\WINDOWS\System32\WS2_32.dll
0x00007ffd5a8b0000 - 0x00007ffd5a8dd000 	C:\WINDOWS\SYSTEM32\winmmbase.dll
0x00007ffd5edd0000 - 0x00007ffd5ee1a000 	C:\WINDOWS\System32\cfgmgr32.dll
0x00007ffd5ea60000 - 0x00007ffd5ea71000 	C:\WINDOWS\System32\kernel.appcore.dll
0x00007ffd44f70000 - 0x00007ffd44f80000 	C:\Program Files\Java\jdk1.8.0_281\jre\bin\verify.dll
0x00007ffd44f40000 - 0x00007ffd44f6b000 	C:\Program Files\Java\jdk1.8.0_281\jre\bin\java.dll
0x00007ffd35c50000 - 0x00007ffd35c68000 	C:\Program Files\Java\jdk1.8.0_281\jre\bin\zip.dll
0x00007ffd5d360000 - 0x00007ffd5d554000 	C:\WINDOWS\SYSTEM32\dbghelp.dll

VM Arguments:
java_command: <unknown>
java_class_path (initial): .
Launcher Type: SUN_STANDARD

Environment Variables:
JAVA_HOME=C:\Program Files\Java\jdk1.8.0_281
PATH=C:\Program Files (x86)\Common Files\Oracle\Java\javapath;C:\WINDOWS\system32;C:\WINDOWS;C:\WINDOWS\System32\Wbem;C:\WINDOWS\System32\WindowsPowerShell\v1.0\;C:\WINDOWS\System32\OpenSSH\;C:\Program Files\Git\cmd;C:\Users\user\AppData\Local\Microsoft\WindowsApps;C:\Users\user\AppData\Local\GitHubDesktop\bin;C:\flutter\bin;C:\Users\user\AppData\Local\Programs\Microsoft VS Code\bin;
USERNAME=user
OS=Windows_NT
PROCESSOR_IDENTIFIER=Intel64 Family 6 Model 158 Stepping 9, GenuineIntel



---------------  S Y S T E M  ---------------

OS: Windows 10.0 , 64 bit Build 18362 (10.0.18362.1316)

CPU:total 8 (initial active 8) (4 cores per cpu, 2 threads per core) family 6 model 158 stepping 9, cmov, cx8, fxsr, mmx, sse, sse2, sse3, ssse3, sse4.1, sse4.2, popcnt, avx, avx2, aes, clmul, erms, 3dnowpref, lzcnt, ht, tsc, tscinvbit, bmi1, bmi2, adx

Memory: 4k page, physical 12532888k(3902932k free), swap 12532888k(5816k free)

vm_info: Java HotSpot(TM) 64-Bit Server VM (25.281-b09) for windows-amd64 JRE (1.8.0_281-b09), built on Dec  9 2020 13:54:07 by "" with MS VC++ 15.9 (VS2017)

time: Fri Jan 29 00:46:41 2021
timezone: Middle East Standard Time
elapsed time: 0.148324 seconds (0d 0h 0m 0s)

